2023-07-22 15:29:11,571 INFO Бот запущен
2023-07-22 15:29:28,285 INFO Запрос на оптравку исходного кода бота.
2023-07-22 15:29:28,507 INFO Исходный код бота отправлен.
2023-07-22 15:29:37,872 INFO Запрос на отправку селфи
2023-07-22 15:29:38,238 INFO Селфи отправлено
2023-07-22 15:29:42,403 INFO Запрос на отправку поста о моем увлечении.
2023-07-22 15:29:43,386 INFO Пост о моем увлечении отправлен
2023-07-22 15:29:43,691 INFO Пост о моем увлечении отправлен
2023-07-22 15:29:44,142 INFO Пост о моем увлечении отправлен
2023-07-22 15:29:44,486 INFO Пост о моем увлечении отправлен
2023-07-22 15:30:09,372 INFO Запрос на отправку студенческого фото.
2023-07-22 15:30:09,582 INFO Студенческое фото отправлено.
2023-07-22 15:30:09,719 INFO Студенческое фото отправлено.
2023-07-22 15:32:07,896 INFO Запрос на отправку студенческого фото.
2023-07-22 15:32:08,119 INFO Студенческое фото отправлено.
2023-07-22 15:32:08,253 INFO Студенческое фото отправлено.
2023-07-22 15:32:09,508 INFO Запрос на оптравку исходного кода бота.
2023-07-22 15:32:09,610 INFO Исходный код бота отправлен.
2023-07-22 15:32:10,561 INFO Запрос на отправку поста о моем увлечении.
2023-07-22 15:32:10,804 INFO Пост о моем увлечении отправлен
2023-07-22 15:32:10,937 INFO Пост о моем увлечении отправлен
2023-07-22 15:32:11,068 INFO Пост о моем увлечении отправлен
2023-07-22 15:32:11,208 INFO Пост о моем увлечении отправлен
2023-07-22 15:32:11,941 INFO Запрос на отправку селфи
2023-07-22 15:32:12,133 INFO Селфи отправлено
2023-07-22 15:32:51,253 INFO Бот запущен
2023-07-22 15:35:24,389 INFO Запрос на оптравку аудиофайла о SQL.
2023-07-22 15:35:25,150 INFO Аудиофайл о SQL отправлен
2023-07-22 15:36:12,815 INFO Бот запущен
2023-07-22 15:37:28,747 INFO Запрос на оптравку аудиофайла о SQL.
2023-07-22 15:37:29,438 INFO Аудиофайл о SQL отправлен
2023-07-22 15:37:55,864 INFO Запрос на оптравку аудиофайла о истории любви.
2023-07-22 15:37:56,408 INFO Аудиофайл о истории любви отправлен.
2023-07-22 15:39:36,823 INFO Запрос на оптравку аудиофайла о SQL.
2023-07-22 15:39:37,642 INFO Аудиофайл о SQL отправлен
2023-07-22 15:39:46,954 INFO Запрос на оптравку аудиофайла о SQL.
2023-07-22 15:39:48,964 INFO Аудиофайл о SQL отправлен
2023-07-22 15:40:24,960 INFO Запрос на оптравку исходного кода бота.
2023-07-22 15:40:25,137 INFO Исходный код бота отправлен.
2023-07-22 15:41:01,970 INFO Запрос на оптравку исходного кода бота.
2023-07-22 15:41:02,215 INFO Исходный код бота отправлен.
2023-07-22 15:41:05,765 INFO Запрос на оптравку исходного кода бота.
2023-07-22 15:41:06,253 INFO Исходный код бота отправлен.
2023-07-22 15:43:00,575 INFO Бот запущен
2023-07-22 15:43:04,815 INFO Запрос на отправку селфи
2023-07-22 15:43:05,175 INFO Селфи отправлено
2023-07-22 15:43:10,835 INFO Запрос на отправку селфи
2023-07-22 15:43:11,470 INFO Селфи отправлено
2023-07-22 15:45:00,435 INFO Бот запущен
2023-07-22 15:45:05,929 INFO Запрос на отправку селфи
2023-07-22 15:45:06,473 INFO Селфи отправлено
2023-07-22 15:45:13,166 INFO Запрос на отправку селфи
2023-07-22 15:45:13,491 INFO Селфи отправлено
2023-07-22 15:45:17,160 INFO Запрос на отправку студенческого фото.
2023-07-22 15:45:17,471 INFO Студенческое фото отправлено.
2023-07-22 15:45:17,591 INFO Студенческое фото отправлено.
2023-07-22 15:45:22,689 INFO Запрос на отправку студенческого фото.
2023-07-22 15:45:23,007 INFO Студенческое фото отправлено.
2023-07-22 15:45:23,204 INFO Студенческое фото отправлено.
2023-07-22 15:45:27,704 INFO Запрос на отправку поста о моем увлечении.
2023-07-22 15:45:28,030 INFO Пост о моем увлечении отправлен
2023-07-22 15:45:28,270 INFO Пост о моем увлечении отправлен
2023-07-22 15:45:28,492 INFO Пост о моем увлечении отправлен
2023-07-22 15:45:28,816 INFO Пост о моем увлечении отправлен
2023-07-22 15:45:31,398 INFO Запрос на отправку поста о моем увлечении.
2023-07-22 15:45:31,611 INFO Пост о моем увлечении отправлен
2023-07-22 15:45:31,719 INFO Пост о моем увлечении отправлен
2023-07-22 15:45:31,834 INFO Пост о моем увлечении отправлен
2023-07-22 15:45:31,979 INFO Пост о моем увлечении отправлен
2023-07-22 15:45:35,598 INFO Запрос на оптравку аудиофайла о GPT.
2023-07-22 15:45:35,873 INFO Аудиофайл о GPT отправлен.
2023-07-22 15:45:40,432 INFO Запрос на оптравку аудиофайла о GPT.
2023-07-22 15:45:40,815 INFO Аудиофайл о GPT отправлен.
2023-07-22 15:45:45,107 INFO Запрос на оптравку аудиофайла о SQL.
2023-07-22 15:45:45,385 INFO Аудиофайл о SQL отправлен
2023-07-22 15:45:53,926 INFO Запрос на оптравку аудиофайла о SQL.
2023-07-22 15:45:54,174 INFO Аудиофайл о SQL отправлен
2023-07-22 15:45:58,960 INFO Запрос на оптравку аудиофайла о истории любви.
2023-07-22 15:45:59,223 INFO Аудиофайл о истории любви отправлен.
2023-07-22 15:46:03,513 INFO Запрос на оптравку аудиофайла о истории любви.
2023-07-22 15:46:03,785 INFO Аудиофайл о истории любви отправлен.
2023-07-22 15:46:11,984 INFO Запрос на оптравку исходного кода бота.
2023-07-22 15:46:12,115 INFO Исходный код бота отправлен.
2023-07-22 15:46:16,455 INFO Запрос на оптравку исходного кода бота.
2023-07-22 15:46:16,694 INFO Исходный код бота отправлен.
2023-07-22 15:50:59,808 INFO Бот запущен
2023-07-22 15:51:09,831 INFO Бот запущен
2023-07-22 15:53:04,714 INFO Бот запущен
2023-07-22 15:53:23,301 INFO Запрос на оптравку аудиофайла о SQL.
2023-07-22 15:53:23,794 INFO Аудиофайл о SQL отправлен
2023-07-22 15:55:29,637 INFO Запрос на оптравку аудиофайла о SQL.
2023-07-22 15:55:30,359 INFO Аудиофайл о SQL отправлен
2023-07-22 15:55:50,219 INFO Запрос на оптравку аудиофайла о истории любви.
2023-07-22 15:55:50,686 INFO Аудиофайл о истории любви отправлен.
2023-07-22 15:57:03,265 INFO Запрос на оптравку аудиофайла о GPT.
2023-07-22 15:57:03,505 INFO Аудиофайл о GPT отправлен.
2023-07-22 15:57:51,157 INFO Запрос на оптравку исходного кода бота.
2023-07-22 15:57:51,359 INFO Исходный код бота отправлен.
2023-07-22 15:58:37,856 INFO Запрос на оптравку аудиофайла о SQL.
2023-07-22 15:58:38,085 INFO Аудиофайл о SQL отправлен
2023-07-22 15:58:41,131 INFO Запрос на оптравку исходного кода бота.
2023-07-22 15:58:41,222 INFO Исходный код бота отправлен.
